<?xml version="1.0" encoding="UTF-8"?>
<!-- Generated by org.testng.reporters.JUnitReportReporter -->
<testsuite skipped="0" hostname="DESKTOP-974G9KF" name="com.mudaila.qa.testcases.LoginImpl" tests="1" failures="0" timestamp="24 Dec 2018 16:30:46 GMT" time="22.319" errors="0">
  <testcase name="titleImpl" time="22.319" classname="com.mudaila.qa.testcases.LoginImpl"/>
</testsuite> <!-- com.mudaila.qa.testcases.LoginImpl -->
