<?xml version="1.0" encoding="UTF-8"?>
<!-- Generated by org.testng.reporters.JUnitReportReporter -->
<testsuite skipped="0" hostname="DESKTOP-974G9KF" name="com.mudaila.qa.testcases.HomePageImpl" tests="3" failures="0" timestamp="24 Dec 2018 16:25:34 GMT" time="45.456" errors="0">
  <testcase name="verifyDashboardText" time="15.403" classname="com.mudaila.qa.testcases.HomePageImpl"/>
  <testcase name="clickOnClient" time="8.462" classname="com.mudaila.qa.testcases.HomePageImpl"/>
  <testcase name="clickOnClientregistration" time="21.591" classname="com.mudaila.qa.testcases.HomePageImpl"/>
</testsuite> <!-- com.mudaila.qa.testcases.HomePageImpl -->
